<?xml version="1.0" encoding="UTF-8"?>
<!-- Generated by org.testng.reporters.JUnitReportReporter -->
<testsuite hostname="DESKTOP-KJS4UJK" failures="0" tests="1" name="testcase.LoginTest" time="0.660" errors="0" timestamp="11 Jul 2021 18:49:38 GMT" skipped="0">
  <testcase classname="testcase.LoginTest" name="dologin" time="0.660"/>
</testsuite> <!-- testcase.LoginTest -->
